{"/home/jonesan2/code/react/notes/src/App.js": {"path":"/home/jonesan2/code/react/notes/src/App.js","statementMap":{"0":{"start":{"line":11,"column":12},"end":{"line":158,"column":1}},"1":{"start":{"line":12,"column":28},"end":{"line":12,"column":40}},"2":{"start":{"line":13,"column":32},"end":{"line":13,"column":46}},"3":{"start":{"line":14,"column":42},"end":{"line":14,"column":56}},"4":{"start":{"line":15,"column":34},"end":{"line":15,"column":46}},"5":{"start":{"line":16,"column":34},"end":{"line":16,"column":46}},"6":{"start":{"line":17,"column":26},"end":{"line":17,"column":40}},"7":{"start":{"line":18,"column":42},"end":{"line":18,"column":57}},"8":{"start":{"line":20,"column":22},"end":{"line":20,"column":30}},"9":{"start":{"line":22,"column":2},"end":{"line":28,"column":9}},"10":{"start":{"line":23,"column":4},"end":{"line":27,"column":9}},"11":{"start":{"line":26,"column":8},"end":{"line":26,"column":30}},"12":{"start":{"line":30,"column":2},"end":{"line":37,"column":8}},"13":{"start":{"line":31,"column":27},"end":{"line":31,"column":75}},"14":{"start":{"line":32,"column":4},"end":{"line":36,"column":5}},"15":{"start":{"line":33,"column":19},"end":{"line":33,"column":45}},"16":{"start":{"line":34,"column":6},"end":{"line":34,"column":19}},"17":{"start":{"line":35,"column":6},"end":{"line":35,"column":38}},"18":{"start":{"line":39,"column":18},"end":{"line":46,"column":3}},"19":{"start":{"line":40,"column":4},"end":{"line":40,"column":42}},"20":{"start":{"line":41,"column":4},"end":{"line":45,"column":8}},"21":{"start":{"line":44,"column":8},"end":{"line":44,"column":45}},"22":{"start":{"line":48,"column":29},"end":{"line":66,"column":3}},"23":{"start":{"line":49,"column":17},"end":{"line":49,"column":45}},"24":{"start":{"line":49,"column":33},"end":{"line":49,"column":44}},"25":{"start":{"line":50,"column":24},"end":{"line":50,"column":63}},"26":{"start":{"line":52,"column":4},"end":{"line":65,"column":9}},"27":{"start":{"line":55,"column":8},"end":{"line":55,"column":73}},"28":{"start":{"line":55,"column":35},"end":{"line":55,"column":71}},"29":{"start":{"line":58,"column":8},"end":{"line":60,"column":9}},"30":{"start":{"line":61,"column":8},"end":{"line":63,"column":16}},"31":{"start":{"line":62,"column":10},"end":{"line":62,"column":31}},"32":{"start":{"line":64,"column":8},"end":{"line":64,"column":49}},"33":{"start":{"line":64,"column":35},"end":{"line":64,"column":46}},"34":{"start":{"line":68,"column":22},"end":{"line":70,"column":42}},"35":{"start":{"line":70,"column":27},"end":{"line":70,"column":41}},"36":{"start":{"line":72,"column":22},"end":{"line":95,"column":3}},"37":{"start":{"line":73,"column":4},"end":{"line":73,"column":26}},"38":{"start":{"line":75,"column":4},"end":{"line":94,"column":5}},"39":{"start":{"line":76,"column":19},"end":{"line":78,"column":8}},"40":{"start":{"line":80,"column":6},"end":{"line":82,"column":7}},"41":{"start":{"line":84,"column":6},"end":{"line":84,"column":38}},"42":{"start":{"line":85,"column":6},"end":{"line":85,"column":19}},"43":{"start":{"line":86,"column":6},"end":{"line":86,"column":21}},"44":{"start":{"line":87,"column":6},"end":{"line":87,"column":21}},"45":{"start":{"line":89,"column":6},"end":{"line":89,"column":42}},"46":{"start":{"line":90,"column":6},"end":{"line":90,"column":28}},"47":{"start":{"line":91,"column":6},"end":{"line":93,"column":14}},"48":{"start":{"line":92,"column":8},"end":{"line":92,"column":29}},"49":{"start":{"line":97,"column":20},"end":{"line":118,"column":3}},"50":{"start":{"line":98,"column":28},"end":{"line":98,"column":67}},"51":{"start":{"line":99,"column":28},"end":{"line":99,"column":67}},"52":{"start":{"line":101,"column":4},"end":{"line":117,"column":5}},"53":{"start":{"line":104,"column":33},"end":{"line":104,"column":54}},"54":{"start":{"line":110,"column":50},"end":{"line":110,"column":75}},"55":{"start":{"line":111,"column":50},"end":{"line":111,"column":75}},"56":{"start":{"line":114,"column":33},"end":{"line":114,"column":55}},"57":{"start":{"line":120,"column":19},"end":{"line":124,"column":3}},"58":{"start":{"line":121,"column":4},"end":{"line":123,"column":16}},"59":{"start":{"line":126,"column":2},"end":{"line":157,"column":4}},"60":{"start":{"line":142,"column":31},"end":{"line":142,"column":51}},"61":{"start":{"line":148,"column":10},"end":{"line":152,"column":12}},"62":{"start":{"line":151,"column":36},"end":{"line":151,"column":63}}},"fnMap":{"0":{"name":"(anonymous_0)","decl":{"start":{"line":11,"column":12},"end":{"line":11,"column":13}},"loc":{"start":{"line":11,"column":18},"end":{"line":158,"column":1}},"line":11},"1":{"name":"(anonymous_1)","decl":{"start":{"line":22,"column":12},"end":{"line":22,"column":13}},"loc":{"start":{"line":22,"column":18},"end":{"line":28,"column":3}},"line":22},"2":{"name":"(anonymous_2)","decl":{"start":{"line":25,"column":12},"end":{"line":25,"column":13}},"loc":{"start":{"line":25,"column":28},"end":{"line":27,"column":7}},"line":25},"3":{"name":"(anonymous_3)","decl":{"start":{"line":30,"column":12},"end":{"line":30,"column":13}},"loc":{"start":{"line":30,"column":18},"end":{"line":37,"column":3}},"line":30},"4":{"name":"(anonymous_4)","decl":{"start":{"line":39,"column":18},"end":{"line":39,"column":19}},"loc":{"start":{"line":39,"column":34},"end":{"line":46,"column":3}},"line":39},"5":{"name":"(anonymous_5)","decl":{"start":{"line":43,"column":12},"end":{"line":43,"column":13}},"loc":{"start":{"line":43,"column":28},"end":{"line":45,"column":7}},"line":43},"6":{"name":"(anonymous_6)","decl":{"start":{"line":48,"column":29},"end":{"line":48,"column":30}},"loc":{"start":{"line":48,"column":37},"end":{"line":66,"column":3}},"line":48},"7":{"name":"(anonymous_7)","decl":{"start":{"line":49,"column":28},"end":{"line":49,"column":29}},"loc":{"start":{"line":49,"column":33},"end":{"line":49,"column":44}},"line":49},"8":{"name":"(anonymous_8)","decl":{"start":{"line":54,"column":12},"end":{"line":54,"column":13}},"loc":{"start":{"line":54,"column":28},"end":{"line":56,"column":7}},"line":54},"9":{"name":"(anonymous_9)","decl":{"start":{"line":55,"column":27},"end":{"line":55,"column":28}},"loc":{"start":{"line":55,"column":35},"end":{"line":55,"column":71}},"line":55},"10":{"name":"(anonymous_10)","decl":{"start":{"line":57,"column":13},"end":{"line":57,"column":14}},"loc":{"start":{"line":57,"column":22},"end":{"line":65,"column":7}},"line":57},"11":{"name":"(anonymous_11)","decl":{"start":{"line":61,"column":19},"end":{"line":61,"column":20}},"loc":{"start":{"line":61,"column":25},"end":{"line":63,"column":9}},"line":61},"12":{"name":"(anonymous_12)","decl":{"start":{"line":64,"column":30},"end":{"line":64,"column":31}},"loc":{"start":{"line":64,"column":35},"end":{"line":64,"column":46}},"line":64},"13":{"name":"(anonymous_13)","decl":{"start":{"line":70,"column":19},"end":{"line":70,"column":20}},"loc":{"start":{"line":70,"column":27},"end":{"line":70,"column":41}},"line":70},"14":{"name":"(anonymous_14)","decl":{"start":{"line":72,"column":22},"end":{"line":72,"column":23}},"loc":{"start":{"line":72,"column":39},"end":{"line":95,"column":3}},"line":72},"15":{"name":"(anonymous_15)","decl":{"start":{"line":91,"column":17},"end":{"line":91,"column":18}},"loc":{"start":{"line":91,"column":23},"end":{"line":93,"column":7}},"line":91},"16":{"name":"(anonymous_16)","decl":{"start":{"line":97,"column":20},"end":{"line":97,"column":21}},"loc":{"start":{"line":97,"column":26},"end":{"line":118,"column":3}},"line":97},"17":{"name":"(anonymous_17)","decl":{"start":{"line":104,"column":27},"end":{"line":104,"column":28}},"loc":{"start":{"line":104,"column":33},"end":{"line":104,"column":54}},"line":104},"18":{"name":"(anonymous_18)","decl":{"start":{"line":110,"column":34},"end":{"line":110,"column":35}},"loc":{"start":{"line":110,"column":50},"end":{"line":110,"column":75}},"line":110},"19":{"name":"(anonymous_19)","decl":{"start":{"line":111,"column":34},"end":{"line":111,"column":35}},"loc":{"start":{"line":111,"column":50},"end":{"line":111,"column":75}},"line":111},"20":{"name":"(anonymous_20)","decl":{"start":{"line":114,"column":27},"end":{"line":114,"column":28}},"loc":{"start":{"line":114,"column":33},"end":{"line":114,"column":55}},"line":114},"21":{"name":"(anonymous_21)","decl":{"start":{"line":120,"column":19},"end":{"line":120,"column":20}},"loc":{"start":{"line":121,"column":4},"end":{"line":123,"column":16}},"line":121},"22":{"name":"(anonymous_22)","decl":{"start":{"line":142,"column":25},"end":{"line":142,"column":26}},"loc":{"start":{"line":142,"column":31},"end":{"line":142,"column":51}},"line":142},"23":{"name":"(anonymous_23)","decl":{"start":{"line":147,"column":25},"end":{"line":147,"column":26}},"loc":{"start":{"line":148,"column":10},"end":{"line":152,"column":12}},"line":148},"24":{"name":"(anonymous_24)","decl":{"start":{"line":151,"column":30},"end":{"line":151,"column":31}},"loc":{"start":{"line":151,"column":36},"end":{"line":151,"column":63}},"line":151}},"branchMap":{"0":{"loc":{"start":{"line":32,"column":4},"end":{"line":36,"column":5}},"type":"if","locations":[{"start":{"line":32,"column":4},"end":{"line":36,"column":5}},{"start":{"line":32,"column":4},"end":{"line":36,"column":5}}],"line":32},"1":{"loc":{"start":{"line":55,"column":35},"end":{"line":55,"column":71}},"type":"cond-expr","locations":[{"start":{"line":55,"column":52},"end":{"line":55,"column":56}},{"start":{"line":55,"column":59},"end":{"line":55,"column":71}}],"line":55},"2":{"loc":{"start":{"line":68,"column":22},"end":{"line":70,"column":42}},"type":"cond-expr","locations":[{"start":{"line":69,"column":6},"end":{"line":69,"column":11}},{"start":{"line":70,"column":6},"end":{"line":70,"column":42}}],"line":68},"3":{"loc":{"start":{"line":98,"column":39},"end":{"line":98,"column":65}},"type":"cond-expr","locations":[{"start":{"line":98,"column":54},"end":{"line":98,"column":60}},{"start":{"line":98,"column":63},"end":{"line":98,"column":65}}],"line":98},"4":{"loc":{"start":{"line":99,"column":39},"end":{"line":99,"column":65}},"type":"cond-expr","locations":[{"start":{"line":99,"column":54},"end":{"line":99,"column":56}},{"start":{"line":99,"column":59},"end":{"line":99,"column":65}}],"line":99},"5":{"loc":{"start":{"line":131,"column":8},"end":{"line":136,"column":16}},"type":"cond-expr","locations":[{"start":{"line":132,"column":10},"end":{"line":132,"column":21}},{"start":{"line":133,"column":10},"end":{"line":136,"column":16}}],"line":131},"6":{"loc":{"start":{"line":143,"column":16},"end":{"line":143,"column":45}},"type":"cond-expr","locations":[{"start":{"line":143,"column":26},"end":{"line":143,"column":37}},{"start":{"line":143,"column":40},"end":{"line":143,"column":45}}],"line":143}},"s":{"0":0,"1":0,"2":0,"3":0,"4":0,"5":0,"6":0,"7":0,"8":0,"9":0,"10":0,"11":0,"12":0,"13":0,"14":0,"15":0,"16":0,"17":0,"18":0,"19":0,"20":0,"21":0,"22":0,"23":0,"24":0,"25":0,"26":0,"27":0,"28":0,"29":0,"30":0,"31":0,"32":0,"33":0,"34":0,"35":0,"36":0,"37":0,"38":0,"39":0,"40":0,"41":0,"42":0,"43":0,"44":0,"45":0,"46":0,"47":0,"48":0,"49":0,"50":0,"51":0,"52":0,"53":0,"54":0,"55":0,"56":0,"57":0,"58":0,"59":0,"60":0,"61":0,"62":0},"f":{"0":0,"1":0,"2":0,"3":0,"4":0,"5":0,"6":0,"7":0,"8":0,"9":0,"10":0,"11":0,"12":0,"13":0,"14":0,"15":0,"16":0,"17":0,"18":0,"19":0,"20":0,"21":0,"22":0,"23":0,"24":0},"b":{"0":[0,0],"1":[0,0],"2":[0,0],"3":[0,0],"4":[0,0],"5":[0,0],"6":[0,0]}}
,"/home/jonesan2/code/react/notes/src/index.js": {"path":"/home/jonesan2/code/react/notes/src/index.js","statementMap":{"0":{"start":{"line":8,"column":0},"end":{"line":11,"column":2}}},"fnMap":{},"branchMap":{},"s":{"0":0},"f":{},"b":{}}
,"/home/jonesan2/code/react/notes/src/components/Footer.js": {"path":"/home/jonesan2/code/react/notes/src/components/Footer.js","statementMap":{"0":{"start":{"line":3,"column":15},"end":{"line":15,"column":1}},"1":{"start":{"line":4,"column":22},"end":{"line":8,"column":3}},"2":{"start":{"line":9,"column":2},"end":{"line":14,"column":3}}},"fnMap":{"0":{"name":"(anonymous_0)","decl":{"start":{"line":3,"column":15},"end":{"line":3,"column":16}},"loc":{"start":{"line":3,"column":21},"end":{"line":15,"column":1}},"line":3}},"branchMap":{},"s":{"0":0,"1":0,"2":0},"f":{"0":0},"b":{}}
,"/home/jonesan2/code/react/notes/src/components/LoginForm.js": {"path":"/home/jonesan2/code/react/notes/src/components/LoginForm.js","statementMap":{"0":{"start":{"line":4,"column":18},"end":{"line":35,"column":1}},"1":{"start":{"line":11,"column":2},"end":{"line":34,"column":3}},"2":{"start":{"line":37,"column":0},"end":{"line":43,"column":1}}},"fnMap":{"0":{"name":"(anonymous_0)","decl":{"start":{"line":4,"column":18},"end":{"line":4,"column":19}},"loc":{"start":{"line":10,"column":8},"end":{"line":35,"column":1}},"line":10}},"branchMap":{},"s":{"0":0,"1":0,"2":0},"f":{"0":0},"b":{}}
,"/home/jonesan2/code/react/notes/src/components/Note.js": {"path":"/home/jonesan2/code/react/notes/src/components/Note.js","statementMap":{"0":{"start":{"line":3,"column":13},"end":{"line":14,"column":1}},"1":{"start":{"line":4,"column":16},"end":{"line":6,"column":22}},"2":{"start":{"line":8,"column":2},"end":{"line":13,"column":3}}},"fnMap":{"0":{"name":"(anonymous_0)","decl":{"start":{"line":3,"column":13},"end":{"line":3,"column":14}},"loc":{"start":{"line":3,"column":45},"end":{"line":14,"column":1}},"line":3}},"branchMap":{"0":{"loc":{"start":{"line":4,"column":16},"end":{"line":6,"column":22}},"type":"cond-expr","locations":[{"start":{"line":5,"column":6},"end":{"line":5,"column":26}},{"start":{"line":6,"column":6},"end":{"line":6,"column":22}}],"line":4}},"s":{"0":1,"1":2,"2":2},"f":{"0":2},"b":{"0":[2,0]},"_coverageSchema":"1a1c01bbd47fc00a2c39e90264f33305004495a9","hash":"ec602b88a361417ef274a05c9c33bd0134d5cf28"}
,"/home/jonesan2/code/react/notes/src/components/NoteForm.js": {"path":"/home/jonesan2/code/react/notes/src/components/NoteForm.js","statementMap":{"0":{"start":{"line":3,"column":17},"end":{"line":34,"column":1}},"1":{"start":{"line":4,"column":32},"end":{"line":4,"column":44}},"2":{"start":{"line":6,"column":23},"end":{"line":8,"column":3}},"3":{"start":{"line":7,"column":4},"end":{"line":7,"column":34}},"4":{"start":{"line":10,"column":18},"end":{"line":19,"column":3}},"5":{"start":{"line":11,"column":4},"end":{"line":11,"column":26}},"6":{"start":{"line":12,"column":4},"end":{"line":16,"column":6}},"7":{"start":{"line":18,"column":4},"end":{"line":18,"column":18}},"8":{"start":{"line":21,"column":2},"end":{"line":33,"column":3}}},"fnMap":{"0":{"name":"(anonymous_0)","decl":{"start":{"line":3,"column":17},"end":{"line":3,"column":18}},"loc":{"start":{"line":3,"column":37},"end":{"line":34,"column":1}},"line":3},"1":{"name":"(anonymous_1)","decl":{"start":{"line":6,"column":23},"end":{"line":6,"column":24}},"loc":{"start":{"line":6,"column":34},"end":{"line":8,"column":3}},"line":6},"2":{"name":"(anonymous_2)","decl":{"start":{"line":10,"column":18},"end":{"line":10,"column":19}},"loc":{"start":{"line":10,"column":29},"end":{"line":19,"column":3}},"line":10}},"branchMap":{},"s":{"0":1,"1":3,"2":3,"3":1,"4":3,"5":1,"6":1,"7":1,"8":3},"f":{"0":3,"1":1,"2":1},"b":{},"_coverageSchema":"1a1c01bbd47fc00a2c39e90264f33305004495a9","hash":"7e6722c819088d3ec76eac9ece166f67198c5ba0"}
,"/home/jonesan2/code/react/notes/src/components/Notification.js": {"path":"/home/jonesan2/code/react/notes/src/components/Notification.js","statementMap":{"0":{"start":{"line":3,"column":21},"end":{"line":13,"column":1}},"1":{"start":{"line":4,"column":2},"end":{"line":6,"column":3}},"2":{"start":{"line":5,"column":4},"end":{"line":5,"column":15}},"3":{"start":{"line":8,"column":2},"end":{"line":12,"column":3}}},"fnMap":{"0":{"name":"(anonymous_0)","decl":{"start":{"line":3,"column":21},"end":{"line":3,"column":22}},"loc":{"start":{"line":3,"column":38},"end":{"line":13,"column":1}},"line":3}},"branchMap":{"0":{"loc":{"start":{"line":4,"column":2},"end":{"line":6,"column":3}},"type":"if","locations":[{"start":{"line":4,"column":2},"end":{"line":6,"column":3}},{"start":{"line":4,"column":2},"end":{"line":6,"column":3}}],"line":4}},"s":{"0":0,"1":0,"2":0,"3":0},"f":{"0":0},"b":{"0":[0,0]}}
,"/home/jonesan2/code/react/notes/src/components/Togglable.js": {"path":"/home/jonesan2/code/react/notes/src/components/Togglable.js","statementMap":{"0":{"start":{"line":4,"column":18},"end":{"line":31,"column":2}},"1":{"start":{"line":5,"column":32},"end":{"line":5,"column":47}},"2":{"start":{"line":7,"column":26},"end":{"line":7,"column":60}},"3":{"start":{"line":8,"column":26},"end":{"line":8,"column":60}},"4":{"start":{"line":10,"column":27},"end":{"line":12,"column":3}},"5":{"start":{"line":11,"column":4},"end":{"line":11,"column":24}},"6":{"start":{"line":14,"column":2},"end":{"line":18,"column":4}},"7":{"start":{"line":15,"column":4},"end":{"line":17,"column":5}},"8":{"start":{"line":20,"column":2},"end":{"line":30,"column":3}},"9":{"start":{"line":33,"column":0},"end":{"line":35,"column":1}},"10":{"start":{"line":37,"column":0},"end":{"line":37,"column":35}}},"fnMap":{"0":{"name":"(anonymous_0)","decl":{"start":{"line":4,"column":35},"end":{"line":4,"column":36}},"loc":{"start":{"line":4,"column":51},"end":{"line":31,"column":1}},"line":4},"1":{"name":"(anonymous_1)","decl":{"start":{"line":10,"column":27},"end":{"line":10,"column":28}},"loc":{"start":{"line":10,"column":33},"end":{"line":12,"column":3}},"line":10},"2":{"name":"(anonymous_2)","decl":{"start":{"line":14,"column":27},"end":{"line":14,"column":28}},"loc":{"start":{"line":14,"column":33},"end":{"line":18,"column":3}},"line":14}},"branchMap":{"0":{"loc":{"start":{"line":7,"column":37},"end":{"line":7,"column":58}},"type":"cond-expr","locations":[{"start":{"line":7,"column":47},"end":{"line":7,"column":53}},{"start":{"line":7,"column":56},"end":{"line":7,"column":58}}],"line":7},"1":{"loc":{"start":{"line":8,"column":37},"end":{"line":8,"column":58}},"type":"cond-expr","locations":[{"start":{"line":8,"column":47},"end":{"line":8,"column":49}},{"start":{"line":8,"column":52},"end":{"line":8,"column":58}}],"line":8}},"s":{"0":1,"1":7,"2":7,"3":7,"4":7,"5":3,"6":7,"7":0,"8":7,"9":1,"10":1},"f":{"0":7,"1":3,"2":0},"b":{"0":[2,5],"1":[2,5]},"_coverageSchema":"1a1c01bbd47fc00a2c39e90264f33305004495a9","hash":"99a6a76c16885d4869f10476aaa1c602f62e03fa"}
,"/home/jonesan2/code/react/notes/src/services/login.js": {"path":"/home/jonesan2/code/react/notes/src/services/login.js","statementMap":{"0":{"start":{"line":2,"column":16},"end":{"line":2,"column":28}},"1":{"start":{"line":4,"column":14},"end":{"line":7,"column":1}},"2":{"start":{"line":5,"column":19},"end":{"line":5,"column":57}},"3":{"start":{"line":6,"column":2},"end":{"line":6,"column":22}},"4":{"start":{"line":9,"column":21},"end":{"line":9,"column":30}}},"fnMap":{"0":{"name":"(anonymous_0)","decl":{"start":{"line":4,"column":14},"end":{"line":4,"column":15}},"loc":{"start":{"line":4,"column":35},"end":{"line":7,"column":1}},"line":4}},"branchMap":{},"s":{"0":0,"1":0,"2":0,"3":0,"4":0},"f":{"0":0},"b":{}}
,"/home/jonesan2/code/react/notes/src/services/notes.js": {"path":"/home/jonesan2/code/react/notes/src/services/notes.js","statementMap":{"0":{"start":{"line":2,"column":16},"end":{"line":2,"column":28}},"1":{"start":{"line":4,"column":12},"end":{"line":4,"column":16}},"2":{"start":{"line":6,"column":17},"end":{"line":8,"column":1}},"3":{"start":{"line":7,"column":2},"end":{"line":7,"column":30}},"4":{"start":{"line":10,"column":15},"end":{"line":21,"column":1}},"5":{"start":{"line":11,"column":18},"end":{"line":11,"column":36}},"6":{"start":{"line":20,"column":2},"end":{"line":20,"column":48}},"7":{"start":{"line":20,"column":34},"end":{"line":20,"column":47}},"8":{"start":{"line":23,"column":15},"end":{"line":30,"column":1}},"9":{"start":{"line":24,"column":17},"end":{"line":26,"column":3}},"10":{"start":{"line":28,"column":19},"end":{"line":28,"column":63}},"11":{"start":{"line":29,"column":2},"end":{"line":29,"column":23}},"12":{"start":{"line":32,"column":15},"end":{"line":35,"column":1}},"13":{"start":{"line":33,"column":18},"end":{"line":33,"column":58}},"14":{"start":{"line":34,"column":2},"end":{"line":34,"column":49}},"15":{"start":{"line":34,"column":34},"end":{"line":34,"column":47}},"16":{"start":{"line":37,"column":14},"end":{"line":37,"column":50}}},"fnMap":{"0":{"name":"(anonymous_0)","decl":{"start":{"line":6,"column":17},"end":{"line":6,"column":18}},"loc":{"start":{"line":6,"column":29},"end":{"line":8,"column":1}},"line":6},"1":{"name":"(anonymous_1)","decl":{"start":{"line":10,"column":15},"end":{"line":10,"column":16}},"loc":{"start":{"line":10,"column":21},"end":{"line":21,"column":1}},"line":10},"2":{"name":"(anonymous_2)","decl":{"start":{"line":20,"column":22},"end":{"line":20,"column":23}},"loc":{"start":{"line":20,"column":34},"end":{"line":20,"column":47}},"line":20},"3":{"name":"(anonymous_3)","decl":{"start":{"line":23,"column":15},"end":{"line":23,"column":16}},"loc":{"start":{"line":23,"column":34},"end":{"line":30,"column":1}},"line":23},"4":{"name":"(anonymous_4)","decl":{"start":{"line":32,"column":15},"end":{"line":32,"column":16}},"loc":{"start":{"line":32,"column":34},"end":{"line":35,"column":1}},"line":32},"5":{"name":"(anonymous_5)","decl":{"start":{"line":34,"column":22},"end":{"line":34,"column":23}},"loc":{"start":{"line":34,"column":34},"end":{"line":34,"column":47}},"line":34}},"branchMap":{},"s":{"0":0,"1":0,"2":0,"3":0,"4":0,"5":0,"6":0,"7":0,"8":0,"9":0,"10":0,"11":0,"12":0,"13":0,"14":0,"15":0,"16":0},"f":{"0":0,"1":0,"2":0,"3":0,"4":0,"5":0},"b":{}}
}
